/*C2*/SET SCHEMA PUBLIC
DELETE FROM USER WHERE ID=55
INSERT INTO USER VALUES(55,'roberto','carlos','scjpecisneros@gmail.com','TEACHER','2015-05-22 10:57:06.471000','2015-05-22 12:10:35.163000',NULL)
COMMIT
/*C6*/SET SCHEMA PUBLIC
DISCONNECT
/*C5*/SET SCHEMA PUBLIC
DISCONNECT
/*C3*/SET SCHEMA PUBLIC
DISCONNECT
/*C4*/SET SCHEMA PUBLIC
DISCONNECT
/*C2*/DISCONNECT
/*C7*/SET SCHEMA PUBLIC
DISCONNECT
/*C10*/SET SCHEMA PUBLIC
DISCONNECT
/*C8*/SET SCHEMA PUBLIC
DISCONNECT
/*C9*/SET SCHEMA PUBLIC
DISCONNECT
/*C11*/SET SCHEMA PUBLIC
DISCONNECT
